<?xml version="1.0" encoding="UTF-8"?>
<!-- Generated by org.testng.reporters.JUnitReportReporter -->
<testsuite hostname="DevOps" name="Example.NewTest" tests="1" failures="0" timestamp="7 Oct 2016 07:12:57 GMT" time="0.933" errors="0">
  <testcase name="TestGoogleOpen" time="0.933" classname="Example.NewTest"/>
</testsuite> <!-- Example.NewTest -->
